<?xml version="1.0" encoding="UTF-8"?>
<!-- Generated by org.testng.reporters.JUnitReportReporter -->
<testsuite hostname="DESKTOP-QUE9GD3" failures="0" tests="1" name="testCases.CreatePortfolioTest" time="16.170" errors="0" timestamp="2020-05-28T20:12:26 IST" skipped="0">
  <testcase classname="testCases.CreatePortfolioTest" name="loginTest" time="16.170"/>
  <system-out/>
</testsuite> <!-- testCases.CreatePortfolioTest -->
